<?xml version="1.0" encoding="UTF-8"?>
<!-- Generated by org.testng.reporters.JUnitReportReporter -->
<testsuite hostname="BLRKEC361099L" failures="0" tests="1" name="Mypkg.NewTest" time="56.964" errors="0" timestamp="22 Oct 2020 12:36:34 GMT" skipped="0">
  <testcase classname="Mypkg.NewTest" name="f" time="56.964"/>
</testsuite> <!-- Mypkg.NewTest -->
